2023-11-06T01:55:04+00:00 CRITICAL Uncaught ArgumentCountError: Too few arguments to function get_cat_name(), 0 passed in D:\wordpress\wp-content\themes\fictionaltheme\single.php on line 13 and exactly 1 expected in D:\wordpress\wp-includes\category.php:224
Stack trace:
#0 D:\wordpress\wp-content\themes\fictionaltheme\single.php(13): get_cat_name()
#1 D:\wordpress\wp-includes\template-loader.php(106): include('D:\\wordpress\\wp...')
#2 D:\wordpress\wp-blog-header.php(19): require_once('D:\\wordpress\\wp...')
#3 D:\wordpress\index.php(17): require('D:\\wordpress\\wp...')
#4 {main}
  thrown in D:\wordpress\wp-includes\category.php on line 224

2023-11-06T01:59:30+00:00 CRITICAL Uncaught Error: Attempt to assign property "labels" on string in D:\wordpress\wp-includes\post.php:2050
Stack trace:
#0 D:\wordpress\wp-includes\post.php(2006): _get_custom_object_labels('name', Array)
#1 D:\wordpress\wp-content\themes\fictionaltheme\single.php(18): get_post_type_labels('name')
#2 D:\wordpress\wp-includes\template-loader.php(106): include('D:\\wordpress\\wp...')
#3 D:\wordpress\wp-blog-header.php(19): require_once('D:\\wordpress\\wp...')
#4 D:\wordpress\index.php(17): require('D:\\wordpress\\wp...')
#5 {main}
  thrown in D:\wordpress\wp-includes\post.php on line 2050

2023-11-06T01:59:37+00:00 CRITICAL Uncaught ArgumentCountError: Too few arguments to function get_post_type_labels(), 0 passed in D:\wordpress\wp-content\themes\fictionaltheme\single.php on line 18 and exactly 1 expected in D:\wordpress\wp-includes\post.php:2001
Stack trace:
#0 D:\wordpress\wp-content\themes\fictionaltheme\single.php(18): get_post_type_labels()
#1 D:\wordpress\wp-includes\template-loader.php(106): include('D:\\wordpress\\wp...')
#2 D:\wordpress\wp-blog-header.php(19): require_once('D:\\wordpress\\wp...')
#3 D:\wordpress\index.php(17): require('D:\\wordpress\\wp...')
#4 {main}
  thrown in D:\wordpress\wp-includes\post.php on line 2001

