2023-11-15T03:00:12+00:00 CRITICAL Uncaught Error: Call to undefined method OurWordFilterPlugin::handleForm() in D:\wordpress\wp-content\plugins\our-wordfilter-plugin\index.php:39
Stack trace:
#0 D:\wordpress\wp-includes\class-wp-hook.php(310): OurWordFilterPlugin->wordFilterPage('')
#1 D:\wordpress\wp-includes\class-wp-hook.php(334): WP_Hook->apply_filters('', Array)
#2 D:\wordpress\wp-includes\plugin.php(517): WP_Hook->do_action(Array)
#3 D:\wordpress\wp-admin\admin.php(259): do_action('toplevel_page_o...')
#4 {main}
  thrown in D:\wordpress\wp-content\plugins\our-wordfilter-plugin\index.php on line 39

2023-11-15T03:33:10+00:00 CRITICAL Uncaught Error: Call to undefined function array_nap() in D:\wordpress\wp-content\plugins\our-wordfilter-plugin\index.php:18
Stack trace:
#0 D:\wordpress\wp-includes\class-wp-hook.php(310): OurWordFilterPlugin->filterLogic('<h3>Post Statis...')
#1 D:\wordpress\wp-includes\plugin.php(205): WP_Hook->apply_filters('<h3>Post Statis...', Array)
#2 D:\wordpress\wp-includes\post-template.php(256): apply_filters('the_content', '<!-- wp:paragra...')
#3 D:\wordpress\wp-content\themes\fictionaltheme\single.php(18): the_content()
#4 D:\wordpress\wp-includes\template-loader.php(106): include('D:\\wordpress\\wp...')
#5 D:\wordpress\wp-blog-header.php(19): require_once('D:\\wordpress\\wp...')
#6 D:\wordpress\index.php(17): require('D:\\wordpress\\wp...')
#7 {main}
  thrown in D:\wordpress\wp-content\plugins\our-wordfilter-plugin\index.php on line 18

2023-11-15T03:33:28+00:00 CRITICAL Uncaught Error: Call to undefined function array_nap() in D:\wordpress\wp-content\plugins\our-wordfilter-plugin\index.php:18
Stack trace:
#0 D:\wordpress\wp-includes\class-wp-hook.php(310): OurWordFilterPlugin->filterLogic('<h3>Post Statis...')
#1 D:\wordpress\wp-includes\plugin.php(205): WP_Hook->apply_filters('<h3>Post Statis...', Array)
#2 D:\wordpress\wp-includes\post-template.php(256): apply_filters('the_content', '<!-- wp:paragra...')
#3 D:\wordpress\wp-content\themes\fictionaltheme\single.php(18): the_content()
#4 D:\wordpress\wp-includes\template-loader.php(106): include('D:\\wordpress\\wp...')
#5 D:\wordpress\wp-blog-header.php(19): require_once('D:\\wordpress\\wp...')
#6 D:\wordpress\index.php(17): require('D:\\wordpress\\wp...')
#7 {main}
  thrown in D:\wordpress\wp-content\plugins\our-wordfilter-plugin\index.php on line 18

